<?xml version="1.0" encoding="UTF-8"?>
<!-- Generated by org.testng.reporters.JUnitReportReporter -->
<testsuite skipped="0" hostname="LSLRHRL0213" name="Eapps_Test_case_Folder1.CallieBrowser" tests="1" failures="0" timestamp="02 Jul 2019 13:43:24 GMT" time="54.506" errors="0">
  <testcase name="CallieBrowser" time="54.506" classname="Eapps_Test_case_Folder1.CallieBrowser"/>
</testsuite> <!-- Eapps_Test_case_Folder1.CallieBrowser -->
